<?xml version="1.0" encoding="UTF-8"?>
<!-- Generated by org.testng.reporters.JUnitReportReporter -->
<testsuite skipped="0" hostname="Mayur" name="TestNG.test1" tests="1" failures="0" timestamp="2022-05-20T15:40:10 IST" time="0.010" errors="0">
  <testcase name="test" time="0.010" classname="TestNG.test1"/>
  <system-out/>
</testsuite> <!-- TestNG.test1 -->
